/*C7*/SET SCHEMA PUBLIC
CONNECT USER SA
/*C8*/SET SCHEMA PUBLIC
CONNECT USER SA
/*C9*/SET SCHEMA PUBLIC
CONNECT USER SA
/*C10*/SET SCHEMA PUBLIC
CONNECT USER SA
/*C11*/SET SCHEMA PUBLIC
CONNECT USER SA
/*C12*/SET SCHEMA PUBLIC
CONNECT USER SA
/*C8*/SET AUTOCOMMIT FALSE
SET AUTOCOMMIT TRUE
SET AUTOCOMMIT FALSE
SET AUTOCOMMIT TRUE
SET AUTOCOMMIT FALSE
DELETE FROM JBM_COUNTER WHERE NAME='MESSAGE_ID'
INSERT INTO JBM_COUNTER VALUES('MESSAGE_ID',253952)
COMMIT
DELETE FROM JBM_COUNTER WHERE NAME='CHANNEL_ID'
INSERT INTO JBM_COUNTER VALUES('CHANNEL_ID',620)
COMMIT
SET AUTOCOMMIT TRUE
DELETE FROM TIMERS WHERE TIMERID='1307656180518' AND TARGETID='[target=jboss.j2ee:ear=ams.ear,jar=ams-ejbs.jar,name=ConfigUpdaterBean,service=EJB3]'
INSERT INTO TIMERS VALUES('1307657208234','[target=jboss.j2ee:ear=ams.ear,jar=ams-ejbs.jar,name=ConfigUpdaterBean,service=EJB3]','2011-06-10 00:19:47.414000000',1800000,NULL,'aced0005740014616d732d636f6e6669672d74696d65722d313237')
DELETE FROM TIMERS WHERE TIMERID='1307656180517' AND TARGETID='[target=jboss.j2ee:ear=ams.ear,jar=ams-ejbs.jar,name=MessageDispatcherBean,service=EJB3]'
INSERT INTO TIMERS VALUES('1307657208235','[target=jboss.j2ee:ear=ams.ear,jar=ams-ejbs.jar,name=MessageDispatcherBean,service=EJB3]','2011-06-09 23:49:57.403000000',10000,NULL,'aced0005740016616d732d64697370617463682d74696d65722d353138')
SET AUTOCOMMIT FALSE
DELETE FROM TIMERS WHERE TIMERID='1307657208235' AND TARGETID='[target=jboss.j2ee:ear=ams.ear,jar=ams-ejbs.jar,name=MessageDispatcherBean,service=EJB3]'
COMMIT
INSERT INTO TIMERS VALUES('1307657208236','[target=jboss.j2ee:ear=ams.ear,jar=ams-ejbs.jar,name=MessageDispatcherBean,service=EJB3]','2011-06-10 00:07:05.100000000',10000,NULL,'aced0005740016616d732d64697370617463682d74696d65722d363630')
COMMIT
DELETE FROM TIMERS WHERE TIMERID='1307657208234' AND TARGETID='[target=jboss.j2ee:ear=ams.ear,jar=ams-ejbs.jar,name=ConfigUpdaterBean,service=EJB3]'
COMMIT
INSERT INTO TIMERS VALUES('1307657208237','[target=jboss.j2ee:ear=ams.ear,jar=ams-ejbs.jar,name=ConfigUpdaterBean,service=EJB3]','2011-06-10 00:36:55.112000000',1800000,NULL,'aced0005740013616d732d636f6e6669672d74696d65722d3333')
COMMIT
SET AUTOCOMMIT TRUE
